<?xml version="1.0" encoding="UTF-8"?>
<testng-results ignored="0" total="2" passed="2" failed="0" skipped="0">
  <reporter-output>
  </reporter-output>
  <suite started-at="2022-08-13T21:00:36 IST" name="Default Suite" finished-at="2022-08-13T21:01:54 IST" duration-ms="77602">
    <groups>
    </groups>
    <test started-at="2022-08-13T21:00:36 IST" name="Selenium" finished-at="2022-08-13T21:01:54 IST" duration-ms="77602">
      <class name="AmazonTest">
        <test-method is-config="true" signature="OpenWebsite()[pri:0, instance:AmazonTest@365c30cc]" started-at="2022-08-13T21:00:36 IST" name="OpenWebsite" finished-at="2022-08-13T21:00:38 IST" duration-ms="1598" status="PASS">
          <reporter-output>
          </reporter-output>
        </test-method> <!-- OpenWebsite -->
        <test-method signature="getAmazonSearchResults()[pri:1, instance:AmazonTest@365c30cc]" started-at="2022-08-13T21:00:38 IST" name="getAmazonSearchResults" finished-at="2022-08-13T21:01:51 IST" duration-ms="73564" status="PASS">
          <reporter-output>
          </reporter-output>
        </test-method> <!-- getAmazonSearchResults -->
        <test-method signature="ValidateAmazonResults()[pri:2, instance:AmazonTest@365c30cc]" started-at="2022-08-13T21:01:51 IST" name="ValidateAmazonResults" finished-at="2022-08-13T21:01:51 IST" duration-ms="8" status="PASS">
          <reporter-output>
          </reporter-output>
        </test-method> <!-- ValidateAmazonResults -->
        <test-method is-config="true" signature="close()[pri:0, instance:AmazonTest@365c30cc]" started-at="2022-08-13T21:01:51 IST" name="close" finished-at="2022-08-13T21:01:54 IST" duration-ms="2409" status="PASS">
          <reporter-output>
          </reporter-output>
        </test-method> <!-- close -->
      </class> <!-- AmazonTest -->
    </test> <!-- Selenium -->
  </suite> <!-- Default Suite -->
</testng-results>
